# JRE version: Java(TM) SE Runtime Environment (7.0_80-b15) (build 1.7.0_80-b15)
# Java VM: Java HotSpot(TM) 64-Bit Server VM (24.80-b11 mixed mode linux-amd64 compressed oops)
Heap
 PSYoungGen      total 271360K, used 110617K [0x00000007aaa80000, 0x00000007bbe80000, 0x0000000800000000)
  eden space 260096K, 39% used [0x00000007aaa80000,0x00000007b0da8d70,0x00000007ba880000)
  from space 11264K, 80% used [0x00000007bb380000,0x00000007bbc5d6b0,0x00000007bbe80000)
  to   space 11264K, 0% used [0x00000007ba880000,0x00000007ba880000,0x00000007bb380000)
 ParOldGen       total 169984K, used 158K [0x0000000700000000, 0x000000070a600000, 0x00000007aaa80000)
  object space 169984K, 0% used [0x0000000700000000,0x0000000700027b58,0x000000070a600000)
 PSPermGen       total 29696K, used 29395K [0x00000006d0000000, 0x00000006d1d00000, 0x0000000700000000)
  object space 29696K, 98% used [0x00000006d0000000,0x00000006d1cb4c40,0x00000006d1d00000)
GC Heap History (10 events):
Event: 2,179 GC heap before
{Heap before GC invocations=2 (full 0):
 PSYoungGen      total 75264K, used 70782K [0x00000007aaa80000, 0x00000007afe00000, 0x0000000800000000)
  eden space 65024K, 100% used [0x00000007aaa80000,0x00000007aea00000,0x00000007aea00000)
  from space 10240K, 56% used [0x00000007aea00000,0x00000007aef9f948,0x00000007af400000)
  to   space 10240K, 0% used [0x00000007af400000,0x00000007af400000,0x00000007afe00000)
 ParOldGen       total 169984K, used 72K [0x0000000700000000, 0x000000070a600000, 0x00000007aaa80000)
  object space 169984K, 0% used [0x0000000700000000,0x0000000700012010,0x000000070a600000)
 PSPermGen       total 21504K, used 14751K [0x00000006d0000000, 0x00000006d1500000, 0x0000000700000000)
  object space 21504K, 68% used [0x00000006d0000000,0x00000006d0e67f78,0x00000006d1500000)
Event: 2,197 GC heap after
Heap after GC invocations=2 (full 0):
 PSYoungGen      total 75264K, used 7279K [0x00000007aaa80000, 0x00000007b3d80000, 0x0000000800000000)
  eden space 65024K, 0% used [0x00000007aaa80000,0x00000007aaa80000,0x00000007aea00000)
  from space 10240K, 71% used [0x00000007af400000,0x00000007afb1bef0,0x00000007afe00000)
  to   space 10240K, 0% used [0x00000007aea00000,0x00000007aea00000,0x00000007af400000)
 ParOldGen       total 169984K, used 80K [0x0000000700000000, 0x000000070a600000, 0x00000007aaa80000)
  object space 169984K, 0% used [0x0000000700000000,0x0000000700014010,0x000000070a600000)
 PSPermGen       total 21504K, used 14751K [0x00000006d0000000, 0x00000006d1500000, 0x0000000700000000)
  object space 21504K, 68% used [0x00000006d0000000,0x00000006d0e67f78,0x00000006d1500000)
}
Event: 2,871 GC heap before
{Heap before GC invocations=3 (full 0):
 PSYoungGen      total 75264K, used 72303K [0x00000007aaa80000, 0x00000007b3d80000, 0x0000000800000000)
  eden space 65024K, 100% used [0x00000007aaa80000,0x00000007aea00000,0x00000007aea00000)
  from space 10240K, 71% used [0x00000007af400000,0x00000007afb1bef0,0x00000007afe00000)
  to   space 10240K, 0% used [0x00000007aea00000,0x00000007aea00000,0x00000007af400000)
 ParOldGen       total 169984K, used 80K [0x0000000700000000, 0x000000070a600000, 0x00000007aaa80000)
  object space 169984K, 0% used [0x0000000700000000,0x0000000700014010,0x000000070a600000)
 PSPermGen       total 21504K, used 19522K [0x00000006d0000000, 0x00000006d1500000, 0x0000000700000000)
  object space 21504K, 90% used [0x00000006d0000000,0x00000006d1310ba0,0x00000006d1500000)
Event: 2,897 GC heap after
Heap after GC invocations=3 (full 0):
 PSYoungGen      total 75264K, used 7843K [0x00000007aaa80000, 0x00000007b3d80000, 0x0000000800000000)
  eden space 65024K, 0% used [0x00000007aaa80000,0x00000007aaa80000,0x00000007aea00000)
  from space 10240K, 76% used [0x00000007aea00000,0x00000007af1a8f40,0x00000007af400000)
  to   space 10240K, 0% used [0x00000007b3380000,0x00000007b3380000,0x00000007b3d80000)
 ParOldGen       total 169984K, used 88K [0x0000000700000000, 0x000000070a600000, 0x00000007aaa80000)
  object space 169984K, 0% used [0x0000000700000000,0x0000000700016010,0x000000070a600000)
 PSPermGen       total 21504K, used 19522K [0x00000006d0000000, 0x00000006d1500000, 0x0000000700000000)
  object space 21504K, 90% used [0x00000006d0000000,0x00000006d1310ba0,0x00000006d1500000)
}
Event: 3,402 GC heap before
{Heap before GC invocations=4 (full 0):
 PSYoungGen      total 75264K, used 72867K [0x00000007aaa80000, 0x00000007b3d80000, 0x0000000800000000)
  eden space 65024K, 100% used [0x00000007aaa80000,0x00000007aea00000,0x00000007aea00000)
  from space 10240K, 76% used [0x00000007aea00000,0x00000007af1a8f40,0x00000007af400000)
  to   space 10240K, 0% used [0x00000007b3380000,0x00000007b3380000,0x00000007b3d80000)
 ParOldGen       total 169984K, used 88K [0x0000000700000000, 0x000000070a600000, 0x00000007aaa80000)
  object space 169984K, 0% used [0x0000000700000000,0x0000000700016010,0x000000070a600000)
 PSPermGen       total 26624K, used 26294K [0x00000006d0000000, 0x00000006d1a00000, 0x0000000700000000)
  object space 26624K, 98% used [0x00000006d0000000,0x00000006d19ad9a0,0x00000006d1a00000)
Event: 3,431 GC heap after
Heap after GC invocations=4 (full 0):
 PSYoungGen      total 140288K, used 10228K [0x00000007aaa80000, 0x00000007b3d80000, 0x0000000800000000)
  eden space 130048K, 0% used [0x00000007aaa80000,0x00000007aaa80000,0x00000007b2980000)
  from space 10240K, 99% used [0x00000007b3380000,0x00000007b3d7d3d0,0x00000007b3d80000)
  to   space 10240K, 0% used [0x00000007b2980000,0x00000007b2980000,0x00000007b3380000)
 ParOldGen       total 169984K, used 150K [0x0000000700000000, 0x000000070a600000, 0x00000007aaa80000)
  object space 169984K, 0% used [0x0000000700000000,0x0000000700025b58,0x000000070a600000)
 PSPermGen       total 26624K, used 26294K [0x00000006d0000000, 0x00000006d1a00000, 0x0000000700000000)
  object space 26624K, 98% used [0x00000006d0000000,0x00000006d19ad9a0,0x00000006d1a00000)
}
Event: 18,113 GC heap before
{Heap before GC invocations=5 (full 0):
 PSYoungGen      total 140288K, used 140276K [0x00000007aaa80000, 0x00000007b3d80000, 0x0000000800000000)
  eden space 130048K, 100% used [0x00000007aaa80000,0x00000007b2980000,0x00000007b2980000)
  from space 10240K, 99% used [0x00000007b3380000,0x00000007b3d7d3d0,0x00000007b3d80000)
  to   space 10240K, 0% used [0x00000007b2980000,0x00000007b2980000,0x00000007b3380000)
 ParOldGen       total 169984K, used 150K [0x0000000700000000, 0x000000070a600000, 0x00000007aaa80000)
  object space 169984K, 0% used [0x0000000700000000,0x0000000700025b58,0x000000070a600000)
 PSPermGen       total 28672K, used 28394K [0x00000006d0000000, 0x00000006d1c00000, 0x0000000700000000)
  object space 28672K, 99% used [0x00000006d0000000,0x00000006d1bbaa30,0x00000006d1c00000)
Event: 18,131 GC heap after
Heap after GC invocations=5 (full 0):
 PSYoungGen      total 140288K, used 8494K [0x00000007aaa80000, 0x00000007bbe80000, 0x0000000800000000)
  eden space 130048K, 0% used [0x00000007aaa80000,0x00000007aaa80000,0x00000007b2980000)
  from space 10240K, 82% used [0x00000007b2980000,0x00000007b31cb908,0x00000007b3380000)
  to   space 11264K, 0% used [0x00000007bb380000,0x00000007bb380000,0x00000007bbe80000)
 ParOldGen       total 169984K, used 150K [0x0000000700000000, 0x000000070a600000, 0x00000007aaa80000)
  object space 169984K, 0% used [0x0000000700000000,0x0000000700025b58,0x000000070a600000)
 PSPermGen       total 28672K, used 28394K [0x00000006d0000000, 0x00000006d1c00000, 0x0000000700000000)
  object space 28672K, 99% used [0x00000006d0000000,0x00000006d1bbaa30,0x00000006d1c00000)
}
Event: 19,445 GC heap before
{Heap before GC invocations=6 (full 0):
 PSYoungGen      total 140288K, used 138542K [0x00000007aaa80000, 0x00000007bbe80000, 0x0000000800000000)
  eden space 130048K, 100% used [0x00000007aaa80000,0x00000007b2980000,0x00000007b2980000)
  from space 10240K, 82% used [0x00000007b2980000,0x00000007b31cb908,0x00000007b3380000)
  to   space 11264K, 0% used [0x00000007bb380000,0x00000007bb380000,0x00000007bbe80000)
 ParOldGen       total 169984K, used 150K [0x0000000700000000, 0x000000070a600000, 0x00000007aaa80000)
  object space 169984K, 0% used [0x0000000700000000,0x0000000700025b58,0x000000070a600000)
 PSPermGen       total 28672K, used 28648K [0x00000006d0000000, 0x00000006d1c00000, 0x0000000700000000)
  object space 28672K, 99% used [0x00000006d0000000,0x00000006d1bfa0c8,0x00000006d1c00000)
Event: 19,477 GC heap after
Heap after GC invocations=6 (full 0):
 PSYoungGen      total 271360K, used 9077K [0x00000007aaa80000, 0x00000007bbe80000, 0x0000000800000000)
  eden space 260096K, 0% used [0x00000007aaa80000,0x00000007aaa80000,0x00000007ba880000)
  from space 11264K, 80% used [0x00000007bb380000,0x00000007bbc5d6b0,0x00000007bbe80000)
  to   space 11264K, 0% used [0x00000007ba880000,0x00000007ba880000,0x00000007bb380000)
 ParOldGen       total 169984K, used 158K [0x0000000700000000, 0x000000070a600000, 0x00000007aaa80000)
  object space 169984K, 0% used [0x0000000700000000,0x0000000700027b58,0x000000070a600000)
 PSPermGen       total 28672K, used 28648K [0x00000006d0000000, 0x00000006d1c00000, 0x0000000700000000)
  object space 28672K, 99% used [0x00000006d0000000,0x00000006d1bfa0c8,0x00000006d1c00000)
}

