# JRE version: Java(TM) SE Runtime Environment (7.0_80-b15) (build 1.7.0_80-b15)
# Java VM: Java HotSpot(TM) 64-Bit Server VM (24.80-b11 mixed mode linux-amd64 compressed oops)
Heap
 PSYoungGen      total 271360K, used 110799K [0x00000007aaa80000, 0x00000007bbe80000, 0x0000000800000000)
  eden space 260096K, 39% used [0x00000007aaa80000,0x00000007b0dcd560,0x00000007ba880000)
  from space 11264K, 80% used [0x00000007bb380000,0x00000007bbc66820,0x00000007bbe80000)
  to   space 11264K, 0% used [0x00000007ba880000,0x00000007ba880000,0x00000007bb380000)
 ParOldGen       total 169984K, used 210K [0x0000000700000000, 0x000000070a600000, 0x00000007aaa80000)
  object space 169984K, 0% used [0x0000000700000000,0x0000000700034af8,0x000000070a600000)
 PSPermGen       total 29696K, used 29397K [0x00000006d0000000, 0x00000006d1d00000, 0x0000000700000000)
  object space 29696K, 98% used [0x00000006d0000000,0x00000006d1cb5470,0x00000006d1d00000)
GC Heap History (10 events):
Event: 2,382 GC heap before
{Heap before GC invocations=2 (full 0):
 PSYoungGen      total 75264K, used 70817K [0x00000007aaa80000, 0x00000007afe00000, 0x0000000800000000)
  eden space 65024K, 100% used [0x00000007aaa80000,0x00000007aea00000,0x00000007aea00000)
  from space 10240K, 56% used [0x00000007aea00000,0x00000007aefa8510,0x00000007af400000)
  to   space 10240K, 0% used [0x00000007af400000,0x00000007af400000,0x00000007afe00000)
 ParOldGen       total 169984K, used 72K [0x0000000700000000, 0x000000070a600000, 0x00000007aaa80000)
  object space 169984K, 0% used [0x0000000700000000,0x0000000700012010,0x000000070a600000)
 PSPermGen       total 21504K, used 14752K [0x00000006d0000000, 0x00000006d1500000, 0x0000000700000000)
  object space 21504K, 68% used [0x00000006d0000000,0x00000006d0e683f0,0x00000006d1500000)
Event: 2,396 GC heap after
Heap after GC invocations=2 (full 0):
 PSYoungGen      total 75264K, used 7239K [0x00000007aaa80000, 0x00000007b3d80000, 0x0000000800000000)
  eden space 65024K, 0% used [0x00000007aaa80000,0x00000007aaa80000,0x00000007aea00000)
  from space 10240K, 70% used [0x00000007af400000,0x00000007afb11d00,0x00000007afe00000)
  to   space 10240K, 0% used [0x00000007aea00000,0x00000007aea00000,0x00000007af400000)
 ParOldGen       total 169984K, used 80K [0x0000000700000000, 0x000000070a600000, 0x00000007aaa80000)
  object space 169984K, 0% used [0x0000000700000000,0x0000000700014010,0x000000070a600000)
 PSPermGen       total 21504K, used 14752K [0x00000006d0000000, 0x00000006d1500000, 0x0000000700000000)
  object space 21504K, 68% used [0x00000006d0000000,0x00000006d0e683f0,0x00000006d1500000)
}
Event: 3,006 GC heap before
{Heap before GC invocations=3 (full 0):
 PSYoungGen      total 75264K, used 72263K [0x00000007aaa80000, 0x00000007b3d80000, 0x0000000800000000)
  eden space 65024K, 100% used [0x00000007aaa80000,0x00000007aea00000,0x00000007aea00000)
  from space 10240K, 70% used [0x00000007af400000,0x00000007afb11d00,0x00000007afe00000)
  to   space 10240K, 0% used [0x00000007aea00000,0x00000007aea00000,0x00000007af400000)
 ParOldGen       total 169984K, used 80K [0x0000000700000000, 0x000000070a600000, 0x00000007aaa80000)
  object space 169984K, 0% used [0x0000000700000000,0x0000000700014010,0x000000070a600000)
 PSPermGen       total 21504K, used 19544K [0x00000006d0000000, 0x00000006d1500000, 0x0000000700000000)
  object space 21504K, 90% used [0x00000006d0000000,0x00000006d1316308,0x00000006d1500000)
Event: 3,014 GC heap after
Heap after GC invocations=3 (full 0):
 PSYoungGen      total 75264K, used 7989K [0x00000007aaa80000, 0x00000007b3d80000, 0x0000000800000000)
  eden space 65024K, 0% used [0x00000007aaa80000,0x00000007aaa80000,0x00000007aea00000)
  from space 10240K, 78% used [0x00000007aea00000,0x00000007af1cd448,0x00000007af400000)
  to   space 10240K, 0% used [0x00000007b3380000,0x00000007b3380000,0x00000007b3d80000)
 ParOldGen       total 169984K, used 88K [0x0000000700000000, 0x000000070a600000, 0x00000007aaa80000)
  object space 169984K, 0% used [0x0000000700000000,0x0000000700016010,0x000000070a600000)
 PSPermGen       total 21504K, used 19544K [0x00000006d0000000, 0x00000006d1500000, 0x0000000700000000)
  object space 21504K, 90% used [0x00000006d0000000,0x00000006d1316308,0x00000006d1500000)
}
Event: 3,589 GC heap before
{Heap before GC invocations=4 (full 0):
 PSYoungGen      total 75264K, used 73013K [0x00000007aaa80000, 0x00000007b3d80000, 0x0000000800000000)
  eden space 65024K, 100% used [0x00000007aaa80000,0x00000007aea00000,0x00000007aea00000)
  from space 10240K, 78% used [0x00000007aea00000,0x00000007af1cd448,0x00000007af400000)
  to   space 10240K, 0% used [0x00000007b3380000,0x00000007b3380000,0x00000007b3d80000)
 ParOldGen       total 169984K, used 88K [0x0000000700000000, 0x000000070a600000, 0x00000007aaa80000)
  object space 169984K, 0% used [0x0000000700000000,0x0000000700016010,0x000000070a600000)
 PSPermGen       total 26624K, used 26320K [0x00000006d0000000, 0x00000006d1a00000, 0x0000000700000000)
  object space 26624K, 98% used [0x00000006d0000000,0x00000006d19b4150,0x00000006d1a00000)
Event: 3,620 GC heap after
Heap after GC invocations=4 (full 0):
 PSYoungGen      total 140288K, used 10229K [0x00000007aaa80000, 0x00000007b3d80000, 0x0000000800000000)
  eden space 130048K, 0% used [0x00000007aaa80000,0x00000007aaa80000,0x00000007b2980000)
  from space 10240K, 99% used [0x00000007b3380000,0x00000007b3d7d5f0,0x00000007b3d80000)
  to   space 10240K, 0% used [0x00000007b2980000,0x00000007b2980000,0x00000007b3380000)
 ParOldGen       total 169984K, used 194K [0x0000000700000000, 0x000000070a600000, 0x00000007aaa80000)
  object space 169984K, 0% used [0x0000000700000000,0x0000000700030af8,0x000000070a600000)
 PSPermGen       total 26624K, used 26320K [0x00000006d0000000, 0x00000006d1a00000, 0x0000000700000000)
  object space 26624K, 98% used [0x00000006d0000000,0x00000006d19b4150,0x00000006d1a00000)
}
Event: 18,293 GC heap before
{Heap before GC invocations=5 (full 0):
 PSYoungGen      total 140288K, used 140277K [0x00000007aaa80000, 0x00000007b3d80000, 0x0000000800000000)
  eden space 130048K, 100% used [0x00000007aaa80000,0x00000007b2980000,0x00000007b2980000)
  from space 10240K, 99% used [0x00000007b3380000,0x00000007b3d7d5f0,0x00000007b3d80000)
  to   space 10240K, 0% used [0x00000007b2980000,0x00000007b2980000,0x00000007b3380000)
 ParOldGen       total 169984K, used 194K [0x0000000700000000, 0x000000070a600000, 0x00000007aaa80000)
  object space 169984K, 0% used [0x0000000700000000,0x0000000700030af8,0x000000070a600000)
 PSPermGen       total 28672K, used 28395K [0x00000006d0000000, 0x00000006d1c00000, 0x0000000700000000)
  object space 28672K, 99% used [0x00000006d0000000,0x00000006d1bbaf50,0x00000006d1c00000)
Event: 18,307 GC heap after
Heap after GC invocations=5 (full 0):
 PSYoungGen      total 140288K, used 8416K [0x00000007aaa80000, 0x00000007bbe80000, 0x0000000800000000)
  eden space 130048K, 0% used [0x00000007aaa80000,0x00000007aaa80000,0x00000007b2980000)
  from space 10240K, 82% used [0x00000007b2980000,0x00000007b31b8220,0x00000007b3380000)
  to   space 11264K, 0% used [0x00000007bb380000,0x00000007bb380000,0x00000007bbe80000)
 ParOldGen       total 169984K, used 202K [0x0000000700000000, 0x000000070a600000, 0x00000007aaa80000)
  object space 169984K, 0% used [0x0000000700000000,0x0000000700032af8,0x000000070a600000)
 PSPermGen       total 28672K, used 28395K [0x00000006d0000000, 0x00000006d1c00000, 0x0000000700000000)
  object space 28672K, 99% used [0x00000006d0000000,0x00000006d1bbaf50,0x00000006d1c00000)
}
Event: 19,572 GC heap before
{Heap before GC invocations=6 (full 0):
 PSYoungGen      total 140288K, used 138464K [0x00000007aaa80000, 0x00000007bbe80000, 0x0000000800000000)
  eden space 130048K, 100% used [0x00000007aaa80000,0x00000007b2980000,0x00000007b2980000)
  from space 10240K, 82% used [0x00000007b2980000,0x00000007b31b8220,0x00000007b3380000)
  to   space 11264K, 0% used [0x00000007bb380000,0x00000007bb380000,0x00000007bbe80000)
 ParOldGen       total 169984K, used 202K [0x0000000700000000, 0x000000070a600000, 0x00000007aaa80000)
  object space 169984K, 0% used [0x0000000700000000,0x0000000700032af8,0x000000070a600000)
 PSPermGen       total 28672K, used 28649K [0x00000006d0000000, 0x00000006d1c00000, 0x0000000700000000)
  object space 28672K, 99% used [0x00000006d0000000,0x00000006d1bfa768,0x00000006d1c00000)
Event: 19,598 GC heap after
Heap after GC invocations=6 (full 0):
 PSYoungGen      total 271360K, used 9114K [0x00000007aaa80000, 0x00000007bbe80000, 0x0000000800000000)
  eden space 260096K, 0% used [0x00000007aaa80000,0x00000007aaa80000,0x00000007ba880000)
  from space 11264K, 80% used [0x00000007bb380000,0x00000007bbc66820,0x00000007bbe80000)
  to   space 11264K, 0% used [0x00000007ba880000,0x00000007ba880000,0x00000007bb380000)
 ParOldGen       total 169984K, used 210K [0x0000000700000000, 0x000000070a600000, 0x00000007aaa80000)
  object space 169984K, 0% used [0x0000000700000000,0x0000000700034af8,0x000000070a600000)
 PSPermGen       total 28672K, used 28649K [0x00000006d0000000, 0x00000006d1c00000, 0x0000000700000000)
  object space 28672K, 99% used [0x00000006d0000000,0x00000006d1bfa768,0x00000006d1c00000)
}

