# JRE version: Java(TM) SE Runtime Environment (8.0_131-b11) (build 1.8.0_131-b11)
# Java VM: Java HotSpot(TM) 64-Bit Server VM (25.131-b11 mixed mode linux-amd64 compressed oops)
Heap:
 PSYoungGen      total 128512K, used 97664K [0x000000076ab00000, 0x0000000774e80000, 0x00000007c0000000)
  eden space 117248K, 80% used [0x000000076ab00000,0x00000007706f40e8,0x0000000771d80000)
  from space 11264K, 31% used [0x0000000772880000,0x0000000772bec050,0x0000000773380000)
  to   space 11264K, 0% used [0x0000000771d80000,0x0000000771d80000,0x0000000772880000)
 ParOldGen       total 113664K, used 9018K [0x00000006c0000000, 0x00000006c6f00000, 0x000000076ab00000)
  object space 113664K, 7% used [0x00000006c0000000,0x00000006c08ce968,0x00000006c6f00000)
 Metaspace       used 29874K, capacity 30152K, committed 30464K, reserved 1077248K
  class space    used 3438K, capacity 3532K, committed 3584K, reserved 1048576K
GC Heap History (10 events):
Event: 2,667 GC heap before
{Heap before GC invocations=3 (full 0):
 PSYoungGen      total 74752K, used 69233K [0x000000076ab00000, 0x0000000773d00000, 0x00000007c0000000)
  eden space 64512K, 95% used [0x000000076ab00000,0x000000076e6dc1e0,0x000000076ea00000)
  from space 10240K, 77% used [0x000000076f400000,0x000000076fbc03b0,0x000000076fe00000)
  to   space 10240K, 0% used [0x000000076ea00000,0x000000076ea00000,0x000000076f400000)
 ParOldGen       total 171008K, used 96K [0x00000006c0000000, 0x00000006ca700000, 0x000000076ab00000)
  object space 171008K, 0% used [0x00000006c0000000,0x00000006c0018010,0x00000006ca700000)
 Metaspace       used 20890K, capacity 21142K, committed 21296K, reserved 1069056K
  class space    used 2372K, capacity 2425K, committed 2432K, reserved 1048576K
Event: 2,675 GC heap after
Heap after GC invocations=3 (full 0):
 PSYoungGen      total 74752K, used 9162K [0x000000076ab00000, 0x0000000773d00000, 0x00000007c0000000)
  eden space 64512K, 0% used [0x000000076ab00000,0x000000076ab00000,0x000000076ea00000)
  from space 10240K, 89% used [0x000000076ea00000,0x000000076f2f28f8,0x000000076f400000)
  to   space 10240K, 0% used [0x0000000773300000,0x0000000773300000,0x0000000773d00000)
 ParOldGen       total 171008K, used 112K [0x00000006c0000000, 0x00000006ca700000, 0x000000076ab00000)
  object space 171008K, 0% used [0x00000006c0000000,0x00000006c001c010,0x00000006ca700000)
 Metaspace       used 20890K, capacity 21142K, committed 21296K, reserved 1069056K
  class space    used 2372K, capacity 2425K, committed 2432K, reserved 1048576K
}
Event: 2,675 GC heap before
{Heap before GC invocations=4 (full 1):
 PSYoungGen      total 74752K, used 9162K [0x000000076ab00000, 0x0000000773d00000, 0x00000007c0000000)
  eden space 64512K, 0% used [0x000000076ab00000,0x000000076ab00000,0x000000076ea00000)
  from space 10240K, 89% used [0x000000076ea00000,0x000000076f2f28f8,0x000000076f400000)
  to   space 10240K, 0% used [0x0000000773300000,0x0000000773300000,0x0000000773d00000)
 ParOldGen       total 171008K, used 112K [0x00000006c0000000, 0x00000006ca700000, 0x000000076ab00000)
  object space 171008K, 0% used [0x00000006c0000000,0x00000006c001c010,0x00000006ca700000)
 Metaspace       used 20890K, capacity 21142K, committed 21296K, reserved 1069056K
  class space    used 2372K, capacity 2425K, committed 2432K, reserved 1048576K
Event: 2,734 GC heap after
Heap after GC invocations=4 (full 1):
 PSYoungGen      total 74752K, used 0K [0x000000076ab00000, 0x0000000773d00000, 0x00000007c0000000)
  eden space 64512K, 0% used [0x000000076ab00000,0x000000076ab00000,0x000000076ea00000)
  from space 10240K, 0% used [0x000000076ea00000,0x000000076ea00000,0x000000076f400000)
  to   space 10240K, 0% used [0x0000000773300000,0x0000000773300000,0x0000000773d00000)
 ParOldGen       total 113664K, used 8994K [0x00000006c0000000, 0x00000006c6f00000, 0x000000076ab00000)
  object space 113664K, 7% used [0x00000006c0000000,0x00000006c08c8968,0x00000006c6f00000)
 Metaspace       used 20890K, capacity 21142K, committed 21296K, reserved 1069056K
  class space    used 2372K, capacity 2425K, committed 2432K, reserved 1048576K
}
Event: 3,934 GC heap before
{Heap before GC invocations=5 (full 1):
 PSYoungGen      total 74752K, used 64508K [0x000000076ab00000, 0x0000000773d00000, 0x00000007c0000000)
  eden space 64512K, 99% used [0x000000076ab00000,0x000000076e9ff170,0x000000076ea00000)
  from space 10240K, 0% used [0x000000076ea00000,0x000000076ea00000,0x000000076f400000)
  to   space 10240K, 0% used [0x0000000773300000,0x0000000773300000,0x0000000773d00000)
 ParOldGen       total 113664K, used 8994K [0x00000006c0000000, 0x00000006c6f00000, 0x000000076ab00000)
  object space 113664K, 7% used [0x00000006c0000000,0x00000006c08c8968,0x00000006c6f00000)
 Metaspace       used 27059K, capacity 27298K, committed 27648K, reserved 1073152K
  class space    used 3179K, capacity 3259K, committed 3328K, reserved 1048576K
Event: 3,944 GC heap after
Heap after GC invocations=5 (full 1):
 PSYoungGen      total 92672K, used 4597K [0x000000076ab00000, 0x0000000773780000, 0x00000007c0000000)
  eden space 88064K, 0% used [0x000000076ab00000,0x000000076ab00000,0x0000000770100000)
  from space 4608K, 99% used [0x0000000773300000,0x000000077377d7a0,0x0000000773780000)
  to   space 10240K, 0% used [0x0000000772380000,0x0000000772380000,0x0000000772d80000)
 ParOldGen       total 113664K, used 9002K [0x00000006c0000000, 0x00000006c6f00000, 0x000000076ab00000)
  object space 113664K, 7% used [0x00000006c0000000,0x00000006c08ca968,0x00000006c6f00000)
 Metaspace       used 27059K, capacity 27298K, committed 27648K, reserved 1073152K
  class space    used 3179K, capacity 3259K, committed 3328K, reserved 1048576K
}
Event: 17,790 GC heap before
{Heap before GC invocations=6 (full 1):
 PSYoungGen      total 92672K, used 92661K [0x000000076ab00000, 0x0000000773780000, 0x00000007c0000000)
  eden space 88064K, 100% used [0x000000076ab00000,0x0000000770100000,0x0000000770100000)
  from space 4608K, 99% used [0x0000000773300000,0x000000077377d7a0,0x0000000773780000)
  to   space 10240K, 0% used [0x0000000772380000,0x0000000772380000,0x0000000772d80000)
 ParOldGen       total 113664K, used 9002K [0x00000006c0000000, 0x00000006c6f00000, 0x000000076ab00000)
  object space 113664K, 7% used [0x00000006c0000000,0x00000006c08ca968,0x00000006c6f00000)
 Metaspace       used 28829K, capacity 29126K, committed 29440K, reserved 1075200K
  class space    used 3352K, capacity 3457K, committed 3584K, reserved 1048576K
Event: 17,793 GC heap after
Heap after GC invocations=6 (full 1):
 PSYoungGen      total 117760K, used 2816K [0x000000076ab00000, 0x0000000773380000, 0x00000007c0000000)
  eden space 114688K, 0% used [0x000000076ab00000,0x000000076ab00000,0x0000000771b00000)
  from space 3072K, 91% used [0x0000000772380000,0x0000000772640030,0x0000000772680000)
  to   space 11264K, 0% used [0x0000000772880000,0x0000000772880000,0x0000000773380000)
 ParOldGen       total 113664K, used 9010K [0x00000006c0000000, 0x00000006c6f00000, 0x000000076ab00000)
  object space 113664K, 7% used [0x00000006c0000000,0x00000006c08cc968,0x00000006c6f00000)
 Metaspace       used 28829K, capacity 29126K, committed 29440K, reserved 1075200K
  class space    used 3352K, capacity 3457K, committed 3584K, reserved 1048576K
}
Event: 18,986 GC heap before
{Heap before GC invocations=7 (full 1):
 PSYoungGen      total 117760K, used 117504K [0x000000076ab00000, 0x0000000773380000, 0x00000007c0000000)
  eden space 114688K, 100% used [0x000000076ab00000,0x0000000771b00000,0x0000000771b00000)
  from space 3072K, 91% used [0x0000000772380000,0x0000000772640030,0x0000000772680000)
  to   space 11264K, 0% used [0x0000000772880000,0x0000000772880000,0x0000000773380000)
 ParOldGen       total 113664K, used 9010K [0x00000006c0000000, 0x00000006c6f00000, 0x000000076ab00000)
  object space 113664K, 7% used [0x00000006c0000000,0x00000006c08cc968,0x00000006c6f00000)
 Metaspace       used 29180K, capacity 29468K, committed 29696K, reserved 1075200K
  class space    used 3383K, capacity 3498K, committed 3584K, reserved 1048576K
Event: 18,990 GC heap after
Heap after GC invocations=7 (full 1):
 PSYoungGen      total 128512K, used 3504K [0x000000076ab00000, 0x0000000774e80000, 0x00000007c0000000)
  eden space 117248K, 0% used [0x000000076ab00000,0x000000076ab00000,0x0000000771d80000)
  from space 11264K, 31% used [0x0000000772880000,0x0000000772bec050,0x0000000773380000)
  to   space 11264K, 0% used [0x0000000771d80000,0x0000000771d80000,0x0000000772880000)
 ParOldGen       total 113664K, used 9018K [0x00000006c0000000, 0x00000006c6f00000, 0x000000076ab00000)
  object space 113664K, 7% used [0x00000006c0000000,0x00000006c08ce968,0x00000006c6f00000)
 Metaspace       used 29180K, capacity 29468K, committed 29696K, reserved 1075200K
  class space    used 3383K, capacity 3498K, committed 3584K, reserved 1048576K
}

